[    0.000000] Initializing cgroup subsys cpuset
[    0.000000] Initializing cgroup subsys cpu
[    0.000000] Initializing cgroup subsys cpuacct
[    0.000000] Linux version 4.4.0-150-generic (buildd@lgw01-amd64-036) (gcc version 5.4.0 20160609 (Ubuntu 5.4.0-6ubuntu1~16.04.10) ) #176-Ubuntu SMP Wed May 29 18:56:26 UTC 2019 (Ubuntu 4.4.0-150.176-generic 4.4.179)
[    0.000000] Command line: BOOT_IMAGE=/boot/vmlinuz-4.4.0-150-generic root=LABEL=cloudimg-rootfs ro console=tty1 console=ttyS0
[    0.000000] KERNEL supported cpus:
[    0.000000]   Intel GenuineIntel
[    0.000000]   AMD AuthenticAMD
[    0.000000]   Centaur CentaurHauls
[    0.000000] x86/fpu: xstate_offset[2]:  576, xstate_sizes[2]:  256
[    0.000000] x86/fpu: Supporting XSAVE feature 0x01: 'x87 floating point registers'
[    0.000000] x86/fpu: Supporting XSAVE feature 0x02: 'SSE registers'
[    0.000000] x86/fpu: Supporting XSAVE feature 0x04: 'AVX registers'
[    0.000000] x86/fpu: Enabled xstate features 0x7, context size is 832 bytes, using 'standard' format.
[    0.000000] e820: BIOS-provided physical RAM map:
[    0.000000] BIOS-e820: [mem 0x0000000000000000-0x000000000009fbff] usable
[    0.000000] BIOS-e820: [mem 0x000000000009fc00-0x000000000009ffff] reserved
[    0.000000] BIOS-e820: [mem 0x00000000000f0000-0x00000000000fffff] reserved
[    0.000000] BIOS-e820: [mem 0x0000000000100000-0x000000001ffeffff] usable
[    0.000000] BIOS-e820: [mem 0x000000001fff0000-0x000000001fffffff] ACPI data
[    0.000000] BIOS-e820: [mem 0x00000000fec00000-0x00000000fec00fff] reserved
[    0.000000] BIOS-e820: [mem 0x00000000fee00000-0x00000000fee00fff] reserved
[    0.000000] BIOS-e820: [mem 0x00000000fffc0000-0x00000000ffffffff] reserved
[    0.000000] NX (Execute Disable) protection: active
[    0.000000] SMBIOS 2.5 present.
[    0.000000] Hypervisor detected: KVM
[    0.000000] e820: last_pfn = 0x1fff0 max_arch_pfn = 0x400000000
[    0.000000] MTRR: Disabled
[    0.000000] x86/PAT: MTRRs disabled, skipping PAT initialization too.
[    0.000000] CPU MTRRs all blank - virtualized system.
[    0.000000] x86/PAT: Configuration [0-7]: WB  WT  UC- UC  WB  WT  UC- UC  
[    0.000000] found SMP MP-table at [mem 0x0009fff0-0x0009ffff] mapped at [ffff88000009fff0]
[    0.000000] Scanning 1 areas for low memory corruption
[    0.000000] RAMDISK: [mem 0x1e8c4000-0x1f73ffff]
[    0.000000] ACPI: Early table checksum verification disabled
[    0.000000] ACPI: RSDP 0x00000000000E0000 000024 (v02 VBOX  )
[    0.000000] ACPI: XSDT 0x000000001FFF0030 00003C (v01 VBOX   VBOXXSDT 00000001 ASL  00000061)
[    0.000000] ACPI: FACP 0x000000001FFF00F0 0000F4 (v04 VBOX   VBOXFACP 00000001 ASL  00000061)
[    0.000000] ACPI: DSDT 0x000000001FFF0470 0022EA (v02 VBOX   VBOXBIOS 00000002 INTL 20180105)
[    0.000000] ACPI: FACS 0x000000001FFF0200 000040
[    0.000000] ACPI: FACS 0x000000001FFF0200 000040
[    0.000000] ACPI: APIC 0x000000001FFF0240 00005C (v02 VBOX   VBOXAPIC 00000001 ASL  00000061)
[    0.000000] ACPI: SSDT 0x000000001FFF02A0 0001CC (v01 VBOX   VBOXCPUT 00000002 INTL 20180105)
[    0.000000] No NUMA configuration found
[    0.000000] Faking a node at [mem 0x0000000000000000-0x000000001ffeffff]
[    0.000000] NODE_DATA(0) allocated [mem 0x1ffeb000-0x1ffeffff]
[    0.000000] kvm-clock: Using msrs 4b564d01 and 4b564d00
[    0.000000] kvm-clock: cpu 0, msr 0:1ffe3001, primary cpu clock
[    0.000000] kvm-clock: using sched offset of 3596995235 cycles
[    0.000000] clocksource: kvm-clock: mask: 0xffffffffffffffff max_cycles: 0x1cd42e4dffb, max_idle_ns: 881590591483 ns
[    0.000000] Zone ranges:
[    0.000000]   DMA      [mem 0x0000000000001000-0x0000000000ffffff]
[    0.000000]   DMA32    [mem 0x0000000001000000-0x000000001ffeffff]
[    0.000000]   Normal   empty
[    0.000000]   Device   empty
[    0.000000] Movable zone start for each node
[    0.000000] Early memory node ranges
[    0.000000]   node   0: [mem 0x0000000000001000-0x000000000009efff]
[    0.000000]   node   0: [mem 0x0000000000100000-0x000000001ffeffff]
[    0.000000] Initmem setup node 0 [mem 0x0000000000001000-0x000000001ffeffff]
[    0.000000] ACPI: PM-Timer IO Port: 0x4008
[    0.000000] IOAPIC[0]: apic_id 2, version 32, address 0xfec00000, GSI 0-23
[    0.000000] ACPI: INT_SRC_OVR (bus 0 bus_irq 0 global_irq 2 dfl dfl)
[    0.000000] ACPI: INT_SRC_OVR (bus 0 bus_irq 9 global_irq 9 low level)
[    0.000000] Using ACPI (MADT) for SMP configuration information
[    0.000000] smpboot: Allowing 2 CPUs, 0 hotplug CPUs
[    0.000000] PM: Registered nosave memory: [mem 0x00000000-0x00000fff]
[    0.000000] PM: Registered nosave memory: [mem 0x0009f000-0x0009ffff]
[    0.000000] PM: Registered nosave memory: [mem 0x000a0000-0x000effff]
[    0.000000] PM: Registered nosave memory: [mem 0x000f0000-0x000fffff]
[    0.000000] e820: [mem 0x20000000-0xfebfffff] available for PCI devices
[    0.000000] Booting paravirtualized kernel on KVM
[    0.000000] clocksource: refined-jiffies: mask: 0xffffffff max_cycles: 0xffffffff, max_idle_ns: 7645519600211568 ns
[    0.000000] setup_percpu: NR_CPUS:512 nr_cpumask_bits:512 nr_cpu_ids:2 nr_node_ids:1
[    0.000000] PERCPU: Embedded 34 pages/cpu @ffff88001fc00000 s99480 r8192 d31592 u1048576
[    0.000000] Built 1 zonelists in Node order, mobility grouping on.  Total pages: 128888
[    0.000000] Policy zone: DMA32
[    0.000000] Kernel command line: BOOT_IMAGE=/boot/vmlinuz-4.4.0-150-generic root=LABEL=cloudimg-rootfs ro console=tty1 console=ttyS0
[    0.000000] PID hash table entries: 2048 (order: 2, 16384 bytes)
[    0.000000] Memory: 481648K/523832K available (8613K kernel code, 1335K rwdata, 4028K rodata, 1484K init, 1284K bss, 42184K reserved, 0K cma-reserved)
[    0.000000] SLUB: HWalign=64, Order=0-3, MinObjects=0, CPUs=2, Nodes=1
[    0.000000] Kernel/User page tables isolation: enabled
[    0.000000] Hierarchical RCU implementation.
[    0.000000] 	Build-time adjustment of leaf fanout to 64.
[    0.000000] 	RCU restricting CPUs from NR_CPUS=512 to nr_cpu_ids=2.
[    0.000000] RCU: Adjusting geometry for rcu_fanout_leaf=64, nr_cpu_ids=2
[    0.000000] NR_IRQS:33024 nr_irqs:440 16
[    0.000000] Console: colour VGA+ 80x25
[    0.000000] console [tty1] enabled
[    0.000000] console [ttyS0] enabled
[    0.000000] tsc: Detected 1800.004 MHz processor
[    0.135424] Calibrating delay loop (skipped) preset value.. 3600.00 BogoMIPS (lpj=7200016)
[    0.136980] pid_max: default: 32768 minimum: 301
[    0.137820] ACPI: Core revision 20150930
[    0.139464] ACPI: 2 ACPI AML tables successfully acquired and loaded
[    0.140712] Security Framework initialized
[    0.141510] Yama: becoming mindful.
[    0.142210] AppArmor: AppArmor initialized
[    0.143108] Dentry cache hash table entries: 65536 (order: 7, 524288 bytes)
[    0.144315] Inode-cache hash table entries: 32768 (order: 6, 262144 bytes)
[    0.145527] Mount-cache hash table entries: 1024 (order: 1, 8192 bytes)
[    0.147391] Mountpoint-cache hash table entries: 1024 (order: 1, 8192 bytes)
[    0.149067] Initializing cgroup subsys io
[    0.149884] Initializing cgroup subsys memory
[    0.150736] Initializing cgroup subsys devices
[    0.151574] Initializing cgroup subsys freezer
[    0.152400] Initializing cgroup subsys net_cls
[    0.153215] Initializing cgroup subsys perf_event
[    0.154129] Initializing cgroup subsys net_prio
[    0.155104] Initializing cgroup subsys hugetlb
[    0.155952] Initializing cgroup subsys pids
[    0.157977] mce: CPU supports 0 MCE banks
[    0.158787] Last level iTLB entries: 4KB 64, 2MB 8, 4MB 8
[    0.159743] Last level dTLB entries: 4KB 64, 2MB 0, 4MB 0, 1GB 4
[    0.160794] Spectre V2 : Mitigation: Full generic retpoline
[    0.161775] Spectre V2 : Spectre v2 / SpectreRSB mitigation: Filling RSB on context switch
[    0.163530] Speculative Store Bypass: Vulnerable
[    0.164619] MDS: Mitigation: Clear CPU buffers
[    0.168483] Freeing SMP alternatives memory: 36K
[    0.175231] ftrace: allocating 32298 entries in 127 pages
[    0.238876] smpboot: APIC(0) Converting physical 0 to logical package 0
[    0.240129] smpboot: Max logical packages: 1
[    0.241182] x2apic enabled
[    0.242015] Switched APIC routing to physical x2apic.
[    0.244164] ..TIMER: vector=0x30 apic1=0 pin1=2 apic2=-1 pin2=-1
[    0.351269] smpboot: CPU0: Intel(R) Core(TM) i5-8250U CPU @ 1.60GHz (family: 0x6, model: 0x8e, stepping: 0xa)
[    0.353452] Performance Events: unsupported p6 CPU model 142 no PMU driver, software events only.
[    0.366519] KVM setup paravirtual spinlock
[    0.368137] x86: Booting SMP configuration:
[    0.368960] .... node  #0, CPUs:      #1
[    0.369879] kvm-clock: cpu 1, msr 0:1ffe3041, secondary cpu clock
[    0.372289] mce: CPU supports 0 MCE banks
[    0.375106] x86: Booted up 1 node, 2 CPUs
[    0.376227] smpboot: Total of 2 processors activated (7200.01 BogoMIPS)
[    0.378687] devtmpfs: initialized
[    0.381268] evm: security.selinux
[    0.382124] evm: security.SMACK64
[    0.382932] evm: security.SMACK64EXEC
[    0.383814] evm: security.SMACK64TRANSMUTE
[    0.384634] evm: security.SMACK64MMAP
[    0.385349] evm: security.ima
[    0.385986] evm: security.capability
[    0.386975] clocksource: jiffies: mask: 0xffffffff max_cycles: 0xffffffff, max_idle_ns: 7645041785100000 ns
[    0.388776] futex hash table entries: 512 (order: 3, 32768 bytes)
[    0.389928] pinctrl core: initialized pinctrl subsystem
[    0.390994] RTC time: 12:49:03, date: 06/12/19
[    0.392019] NET: Registered protocol family 16
[    0.403632] cpuidle: using governor ladder
[    0.417002] cpuidle: using governor menu
[    0.418383] PCCT header not found.
[    0.419652] ACPI: bus type PCI registered
[    0.420897] acpiphp: ACPI Hot Plug PCI Controller Driver version: 0.5
[    0.422778] PCI: Using configuration type 1 for base access
[    0.436359] ACPI: Added _OSI(Module Device)
[    0.437675] ACPI: Added _OSI(Processor Device)
[    0.438997] ACPI: Added _OSI(3.0 _SCP Extensions)
[    0.440419] ACPI: Added _OSI(Processor Aggregator Device)
[    0.442995] ACPI: Executed 1 blocks of module-level executable AML code
[    0.448151] ACPI: Interpreter enabled
[    0.449367] ACPI: (supports S0 S5)
[    0.450454] ACPI: Using IOAPIC for interrupt routing
[    0.451876] PCI: Using host bridge windows from ACPI; if necessary, use "pci=nocrs" and report a bug
[    0.458265] ACPI: PCI Root Bridge [PCI0] (domain 0000 [bus 00-ff])
[    0.459590] acpi PNP0A03:00: _OSC: OS supports [ASPM ClockPM Segments MSI]
[    0.461404] acpi PNP0A03:00: _OSC: not requesting OS control; OS requires [ExtendedConfig ASPM ClockPM MSI]
[    0.463640] acpi PNP0A03:00: fail to add MMCONFIG information, can't access extended PCI configuration space under this bridge.
[    0.467071] PCI host bridge to bus 0000:00
[    0.469279] pci_bus 0000:00: root bus resource [io  0x0000-0x0cf7 window]
[    0.471081] pci_bus 0000:00: root bus resource [io  0x0d00-0xffff window]
[    0.472521] pci_bus 0000:00: root bus resource [mem 0x000a0000-0x000bffff window]
[    0.474354] pci_bus 0000:00: root bus resource [mem 0x20000000-0xfdffffff window]
[    0.476145] pci_bus 0000:00: root bus resource [bus 00-ff]
[    0.479244] pci 0000:00:01.1: legacy IDE quirk: reg 0x10: [io  0x01f0-0x01f7]
[    0.480955] pci 0000:00:01.1: legacy IDE quirk: reg 0x14: [io  0x03f6]
[    0.482460] pci 0000:00:01.1: legacy IDE quirk: reg 0x18: [io  0x0170-0x0177]
[    0.484019] pci 0000:00:01.1: legacy IDE quirk: reg 0x1c: [io  0x0376]
[    0.500117] pci 0000:00:07.0: quirk: [io  0x4000-0x403f] claimed by PIIX4 ACPI
[    0.512792] pci 0000:00:07.0: quirk: [io  0x4100-0x410f] claimed by PIIX4 SMB
[    0.522444] ACPI: PCI Interrupt Link [LNKA] (IRQs 5 9 10 *11)
[    0.524697] ACPI: PCI Interrupt Link [LNKB] (IRQs 5 9 *10 11)
[    0.526466] ACPI: PCI Interrupt Link [LNKC] (IRQs 5 *9 10 11)
[    0.528243] ACPI: PCI Interrupt Link [LNKD] (IRQs 5 9 10 *11)
[    0.530289] ACPI: Enabled 2 GPEs in block 00 to 07
[    0.532246] vgaarb: setting as boot device: PCI:0000:00:02.0
[    0.533507] vgaarb: device added: PCI:0000:00:02.0,decodes=io+mem,owns=io+mem,locks=none
[    0.535236] vgaarb: loaded
[    0.535936] vgaarb: bridge control possible 0000:00:02.0
[    0.537364] SCSI subsystem initialized
[    0.538324] ACPI: bus type USB registered
[    0.539252] usbcore: registered new interface driver usbfs
[    0.540406] usbcore: registered new interface driver hub
[    0.541411] usbcore: registered new device driver usb
[    0.542690] PCI: Using ACPI for IRQ routing
[    0.543890] NetLabel: Initializing
[    0.544677] NetLabel:  domain hash size = 128
[    0.545608] NetLabel:  protocols = UNLABELED CIPSOv4
[    0.546633] NetLabel:  unlabeled traffic allowed by default
[    0.548204] amd_nb: Cannot enumerate AMD northbridges
[    0.549366] clocksource: Switched to clocksource kvm-clock
[    0.556355] AppArmor: AppArmor Filesystem Enabled
[    0.557441] pnp: PnP ACPI init
[    0.558937] pnp: PnP ACPI: found 3 devices
[    0.571096] clocksource: acpi_pm: mask: 0xffffff max_cycles: 0xffffff, max_idle_ns: 2085701024 ns
[    0.573084] NET: Registered protocol family 2
[    0.574225] TCP established hash table entries: 4096 (order: 3, 32768 bytes)
[    0.575840] TCP bind hash table entries: 4096 (order: 4, 65536 bytes)
[    0.577067] TCP: Hash tables configured (established 4096 bind 4096)
[    0.578255] UDP hash table entries: 256 (order: 1, 8192 bytes)
[    0.579396] UDP-Lite hash table entries: 256 (order: 1, 8192 bytes)
[    0.581490] NET: Registered protocol family 1
[    0.582972] pci 0000:00:00.0: Limiting direct PCI/PCI transfers
[    0.584507] pci 0000:00:01.0: Activating ISA DMA hang workarounds
[    0.586935] Unpacking initramfs...
[    0.840780] Freeing initrd memory: 14832K
[    0.841990] clocksource: tsc: mask: 0xffffffffffffffff max_cycles: 0x19f22d4590b, max_idle_ns: 440795206913 ns
[    0.844190] platform rtc_cmos: registered platform RTC device (no PNP device found)
[    0.845993] Scanning for low memory corruption every 60 seconds
[    0.849076] audit: initializing netlink subsys (disabled)
[    0.850739] audit: type=2000 audit(1560343748.994:1): initialized
[    0.854602] Initialise system trusted keyring
[    0.856145] HugeTLB registered 2 MB page size, pre-allocated 0 pages
[    0.859606] zbud: loaded
[    0.860957] VFS: Disk quotas dquot_6.6.0
[    0.862205] VFS: Dquot-cache hash table entries: 512 (order 0, 4096 bytes)
[    0.865045] squashfs: version 4.0 (2009/01/31) Phillip Lougher
[    0.867168] fuse init (API version 7.23)
[    0.868584] Key type big_key registered
[    0.869774] Allocating IMA MOK and blacklist keyrings.
[    0.872422] Key type asymmetric registered
[    0.873694] Asymmetric key parser 'x509' registered
[    0.875115] Block layer SCSI generic (bsg) driver version 0.4 loaded (major 249)
[    0.877211] io scheduler noop registered
[    0.878370] io scheduler deadline registered (default)
[    0.879969] io scheduler cfq registered
[    0.882104] pci_hotplug: PCI Hot Plug PCI Core version: 0.5
[    0.883796] pciehp: PCI Express Hot Plug Controller Driver version: 0.4
[    0.885764] ACPI: AC Adapter [AC] (on-line)
[    0.887107] input: Power Button as /devices/LNXSYSTM:00/LNXPWRBN:00/input/input0
[    0.889243] ACPI: Power Button [PWRF]
[    0.890430] input: Sleep Button as /devices/LNXSYSTM:00/LNXSLPBN:00/input/input1
[    0.891995] ACPI: Sleep Button [SLPF]
[    0.893034] GHES: HEST is not enabled!
[    0.893983] Serial: 8250/16550 driver, 32 ports, IRQ sharing enabled
[    0.894304] ACPI: Battery Slot [BAT0] (battery present)
[    0.916892] 00:02: ttyS0 at I/O 0x3f8 (irq = 4, base_baud = 115200) is a 1650A
    0.919783] Linux agpgart interface v0.103
[    0.922861] loop: module loaded
[    0.924201] scsi host0: ata_piix
[    0.925046] scsi host1: ata_piix
[    0.925805] ata1: PATA max UDMA/33 cmd 0x1f0 ctl 0x3f6 bmdma 0xd000 irq 14
[    0.926992] ata2: PATA max UDMA/33 cmd 0x170 ctl 0x376 bmdma 0xd008 irq 15
[    0.928314] libphy: Fixed MDIO Bus: probed
[    0.929200] tun: Universal TUN/TAP device driver, 1.6
[    0.930771] tun: (C) 1999-2004 Max Krasnyansky <maxk@qualcomm.com>
[    0.932593] PPP generic driver version 2.4.2
[    0.933709] ehci_hcd: USB 2.0 'Enhanced' Host Controller (EHCI) Driver
[    0.935048] ehci-pci: EHCI PCI platform driver
[    0.936376] ehci-platform: EHCI generic platform driver
[    0.937495] ohci_hcd: USB 1.1 'Open' Host Controller (OHCI) Driver
[    0.938797] ohci-pci: OHCI PCI platform driver
[    0.939883] ohci-platform: OHCI generic platform driver
[    0.941111] uhci_hcd: USB Universal Host Controller Interface driver
[    0.942537] i8042: PNP: PS/2 Controller [PNP0303:PS2K,PNP0f03:PS2M] at 0x60,0x64 irq 1,12
[    0.944987] serio: i8042 KBD port at 0x60,0x64 irq 1
[    0.946126] serio: i8042 AUX port at 0x60,0x64 irq 12
[    0.948476] mousedev: PS/2 mouse device common for all mice
[    0.951037] rtc_cmos rtc_cmos: rtc core: registered rtc_cmos as rtc0
[    0.952737] input: AT Translated Set 2 keyboard as /devices/platform/i8042/serio0/input/input2
[    0.955254] rtc_cmos rtc_cmos: alarms up to one day, 114 bytes nvram
[    0.956717] i2c /dev entries driver
[    0.957676] device-mapper: uevent: version 1.0.3
[    0.958868] device-mapper: ioctl: 4.34.0-ioctl (2015-10-28) initialised: dm-devel@redhat.com
[    0.960776] ledtrig-cpu: registered to indicate activity on CPUs
[    0.962825] NET: Registered protocol family 10
[    0.965189] NET: Registered protocol family 17
[    0.966587] Key type dns_resolver registered
[    0.968462] registered taskstats version 1
[    0.969957] Loading compiled-in X.509 certificates
[    0.974141] Loaded X.509 cert 'Build time autogenerated kernel key: a7915d3ef14e82ec7978a6e44664328aa121e7a5'
[    0.976751] zswap: loaded using pool lzo/zbud
[    0.980119] Key type trusted registered
[    0.985360] Key type encrypted registered
[    0.986360] AppArmor: AppArmor sha1 policy hashing enabled
[    0.987540] ima: No TPM chip found, activating TPM-bypass!
[    0.988794] ima: Allocated hash algorithm: sha1
[    0.990337] evm: HMAC attrs: 0x1
[    0.991977]   Magic number: 7:959:834
[    0.993188] rtc_cmos rtc_cmos: setting system clock to 2019-06-12 12:49:04 UTC (1560343744)
[    0.995873] BIOS EDD facility v0.16 2004-Jun-25, 0 devices found
[    1.000228] EDD information not available.
[    1.087426] Freeing unused kernel memory: 1484K
[    1.090225] Write protecting the kernel read-only data: 14336k
[    1.096944] Freeing unused kernel memory: 1616K
[    1.098875] Freeing unused kernel memory: 68K
Loading, please wait...
starting version 229
[    1.129763] random: systemd-udevd: uninitialized urandom read (16 bytes read, 3 bits of entropy available)
[    1.131586] random: udevadm: uninitialized urandom read (16 bytes read, 3 bits of entropy available)
[    1.131620] random: udevadm: uninitialized urandom read (16 bytes read, 3 bits of entropy available)
[    1.137991] random: systemd-udevd: uninitialized urandom read (16 bytes read, 3 bits of entropy available)
[    1.140255] random: systemd-udevd: uninitialized urandom read (16 bytes read, 3 bits of entropy available)
[    1.143122] random: udevadm: uninitialized urandom read (16 bytes read, 3 bits of entropy available)
[    1.143196] random: udevadm: uninitialized urandom read (16 bytes read, 3 bits of entropy available)
[    1.143437] random: udevadm: uninitialized urandom read (16 bytes read, 3 bits of entropy available)
[    1.143526] random: udevadm: uninitialized urandom read (16 bytes read, 3 bits of entropy available)
[    1.143618] random: udevadm: uninitialized urandom read (16 bytes read, 3 bits of entropy available)
[    1.216218] e1000: Intel(R) PRO/1000 Network Driver - version 7.3.21-k8-NAPI
[    1.219898] e1000: Copyright (c) 1999-2006 Intel Corporation.
[    1.222753] Fusion MPT base driver 3.04.20
[    1.224090] Copyright (c) 1999-2008 LSI Corporation
[    1.230240] Fusion MPT SPI Host driver 3.04.20
[    1.270469] AVX2 version of gcm_enc/dec engaged.
[    1.271618] AES CTR mode by8 optimization enabled
[    1.437506] input: ImExPS/2 Generic Explorer Mouse as /devices/platform/i8042/serio1/input/input4
[    1.628470] e1000 0000:00:03.0 eth0: (PCI:33MHz:32-bit) 02:bc:a8:42:42:bc
[    1.630760] e1000 0000:00:03.0 eth0: Intel(R) PRO/1000 Network Connection
[    1.635570] mptbase: ioc0: Initiating bringup
[    1.697836] ioc0: LSI53C1030 A0: Capabilities={Initiator}
[    1.859883] scsi host2: ioc0: LSI53C1030 A0, FwRev=00000000h, Ports=1, MaxQ=256, IRQ=20
[    1.970166] scsi 2:0:0:0: Direct-Access     VBOX     HARDDISK         1.0  PQ: 0 ANSI: 5
[    1.972617] scsi target2:0:0: Beginning Domain Validation
[    1.975620] scsi target2:0:0: Domain Validation skipping write tests
[    1.977132] scsi target2:0:0: Ending Domain Validation
[    1.978471] scsi target2:0:0: asynchronous
[    1.980034] scsi 2:0:1:0: Direct-Access     VBOX     HARDDISK         1.0  PQ: 0 ANSI: 5
[    1.982816] scsi target2:0:1: Beginning Domain Validation
[    1.986464] scsi target2:0:1: Domain Validation skipping write tests
[    1.987940] scsi target2:0:1: Ending Domain Validation
[    1.989257] scsi target2:0:1: asynchronous
[    1.997511] sd 2:0:0:0: Attached scsi generic sg0 type 0
[    1.999442] sd 2:0:0:0: [sda] 20971520 512-byte logical blocks: (10.7 GB/10.0 GiB)
[    2.017987] sd 2:0:1:0: [sdb] 20480 512-byte logical blocks: (10.5 MB/10.0 MiB)
[    2.020227] sd 2:0:1:0: Attached scsi generic sg1 type 0
[    2.021789] sd 2:0:1:0: [sdb] Write Protect is off
[    2.022965] sd 2:0:0:0: [sda] Write Protect is off
[    2.024243] sd 2:0:1:0: [sdb] Incomplete mode parameter data
[    2.025629] sd 2:0:1:0: [sdb] Assuming drive cache: write through
[    2.027112] sd 2:0:0:0: [sda] Incomplete mode parameter data
[    2.028404] sd 2:0:0:0: [sda] Assuming drive cache: write through
[    2.031932]  sda: sda1
[    2.035261] sd 2:0:1:0: [sdb] Attached SCSI disk
[    2.036758] sd 2:0:0:0: [sda] Attached SCSI disk
[    2.371320] e1000 0000:00:08.0 eth1: (PCI:33MHz:32-bit) 08:00:27:50:b3:ec
[    2.372874] e1000 0000:00:08.0 eth1: Intel(R) PRO/1000 Network Connection
[    2.375681] e1000 0000:00:08.0 enp0s8: renamed from eth1
[    2.385857] e1000 0000:00:03.0 enp0s3: renamed from eth0
Begin: Loading essential drivers ... [    3.805779] md: linear personality registered for level -1
[    3.810192] md: multipath personality registered for level -4
[    3.814866] md: raid0 personality registered for level 0
[    3.824501] md: raid1 personality registered for level 1
[    3.897449] raid6: sse2x1   gen()  6018 MB/s
[    3.965487] raid6: sse2x1   xor()  5962 MB/s
[    4.033680] raid6: sse2x2   gen()  7897 MB/s
[    4.101489] raid6: sse2x2   xor()  6717 MB/s
[    4.169576] raid6: sse2x4   gen()  9405 MB/s
[    4.237441] raid6: sse2x4   xor()  6937 MB/s
[    4.305455] raid6: avx2x1   gen() 13629 MB/s
[    4.373466] raid6: avx2x2   gen() 13547 MB/s
[    4.441445] raid6: avx2x4   gen() 13602 MB/s
[    4.442402] raid6: using algorithm avx2x1 gen() 13629 MB/s
[    4.443511] raid6: using avx2x2 recovery algorithm
[    4.445645] xor: automatically using best checksumming function:
[    4.485493]    avx       : 17890.000 MB/sec
[    4.488589] async_tx: api initialized (async)
[    4.500730] md: raid6 personality registered for level 6
[    4.502888] md: raid5 personality registered for level 5
[    4.504602] md: raid4 personality registered for level 4
[    4.517331] md: raid10 personality registered for level 10
done.
Begin: Running /scripts/init-premount ... done.
Begin: Mounting root file system ... Begin: Running /scripts/local-top ... done.
Begin: Running /scripts/local-premount ... [    4.561230] Btrfs loaded
Scanning for Btrfs filesystems
done.
Warning: fsck not present, so skipping root file system
[    4.605096] EXT4-fs (sda1): mounted filesystem with ordered data mode. Opts: (null)
done.
Begin: Running /scripts/local-bottom ... done.
Begin: Running /scripts/init-bottom ... done.
[    4.754580] systemd[1]: systemd 229 running in system mode. (+PAM +AUDIT +SELINUX +IMA +APPARMOR +SMACK +SYSVINIT +UTMP +LIBCRYPTSETUP +GCRYPT +GNUTLS +ACL +XZ -LZ4 +SECCOMP +BLKID +ELFUTILS +KMOD -IDN)
[    4.758613] systemd[1]: Detected virtualization oracle.
[    4.759883] systemd[1]: Detected architecture x86-64.

Welcome to [1mUbuntu 16.04.6 LTS[0m!

[    4.764971] systemd[1]: Set hostname to <ubuntu>.
[    4.771644] systemd[1]: Initializing machine ID from random generator.
[    4.773225] systemd[1]: Installed transient /etc/machine-id file.
[    4.962416] systemd[1]: Started Trigger resolvconf update for networkd DNS.
[[0;32m  OK  [0m] Started Trigger resolvconf update for networkd DNS.
[    4.965662] systemd[1]: Reached target Encrypted Volumes.
[[0;32m  OK  [0m] Reached target Encrypted Volumes.
[    4.968941] systemd[1]: Listening on Journal Audit Socket.
[[0;32m  OK  [0m] Listening on Journal Audit Socket.
[    4.971771] systemd[1]: Listening on /dev/initctl Compatibility Named Pipe.
[[0;32m  OK  [0m] Listening on /dev/initctl Compatibility Named Pipe.
[    4.974767] systemd[1]: Created slice User and Session Slice.
[[0;32m  OK  [0m] Created slice User and Session Slice.
[    4.977163] systemd[1]: Listening on Device-mapper event daemon FIFOs.
[[0;32m  OK  [0m] Listening on Device-mapper event daemon FIFOs.
[    4.980208] systemd[1]: Started Forward Password Requests to Wall Directory Watch.
[[0;32m  OK  [0m] Started Forward Password Requests to Wall Directory Watch.
[    4.985010] systemd[1]: Reached target User and Group Name Lookups.
[[0;32m  OK  [0m] Reached target User and Group Name Lookups.
[    4.988355] systemd[1]: Set up automount Arbitrary Executable File Formats File System Automount Point.
[[0;32m  OK  [0m] Set up automount Arbitrary Executab...ats File System Automount Point.
[    4.992986] systemd[1]: Created slice System Slice.
[[0;32m  OK  [0m] Created slice System Slice.
[    4.995959] systemd[1]: Listening on Syslog Socket.
[[0;32m  OK  [0m] Listening on Syslog Socket.
[    4.999062] systemd[1]: Created slice system-serial\x2dgetty.slice.
[[0;32m  OK  [0m] Created slice system-serial\x2dgetty.slice.
[    5.002775] systemd[1]: Listening on udev Kernel Socket.
[[0;32m  OK  [0m] Listening on udev Kernel Socket.
[    5.005735] systemd[1]: Listening on Journal Socket.
[[0;32m  OK  [0m] Listening on Journal Socket.
[    5.021722] systemd[1]: Starting Remount Root and Kernel File Systems...
         Starting Remount Root and Kernel File Systems...
[    5.025266] systemd[1]: Mounting Huge Pages File System...
         Mounting Huge Pages File System...
[    5.028927] EXT4-fs (sda1): re-mounted. Opts: (null)
[    5.031716] systemd[1]: Starting Load Kernel Modules...
         Starting Load Kernel Modules...
[    5.038116] systemd[1]: Starting Create list of required static device nodes for the current kernel...
         Starting Create list of required st... nodes for the current kernel...
[    5.045644] systemd[1]: Starting Set console keymap...
         Starting Set console keymap...
[    5.048743] systemd[1]: Listening on LVM2 poll daemon socket.
[[0;32m  OK  [0m] Listening on LVM2 poll daemon socket.
[    5.055162] systemd[1]: Starting Uncomplicated firewall...
         Starting Uncomplicated firewall...
[    5.058128] systemd[1]: Reached target Swap.
[[0;32m  OK  [0[    5.059977] Loading iSCSI transport class v2.0-870.
m] Reached target Swap.
[    5.062224] systemd[1]: Reached target Slices.
[[0;32m  OK  [0m] Reached target Slices.
[    5.065427] systemd[1]: Listening on LVM2 metadata daemon socket.
[[0;32m  OK  [0m] Listening on LVM2 metadata daemon socket.
[    5.071211] systemd[1]: Starting Monitoring of LVM2 mirrors, snapshots etc. using dmeventd or progress polling...
         Starting Monitoring of LVM2 mirrors... dmeventd or progress polling...
[    5.078844] systemd[1]: Mounting Debug File System...
         Mounting Debug File System...
[    5.091328] systemd[1]: Mounting POSIX Message Queue File System...
         Mounting POSIX Message Queue File System...
[    5.095145] systemd[1]: Listening on udev Control Socket.
[[0;32m  OK  [0m] Listening on udev Control Socket.
[    5.098420] systemd[1]: Listening on Journal Socket (/dev/log).
[[0;32m  OK  [0m] Listening on Journal Socket (/dev/log).
[    5.108810] iscsi: registered transport (tcp)
[    5.122208] systemd[1]: Starting Journal Service...
         Starting Journal Service...
[    5.125614] systemd[1]: Reached target System Time Synchronized.
[[0;32m  OK  [0m] Reached target System Time Synchronized.
[    5.129095] systemd[1]: Starting Nameserver information manager...
         Starting Nameserver information manager...
[    5.137649] systemd[1]: Mounted POSIX Message Queue File System.
[[0;32m  OK  [0m] Mounted POSIX Message Queue File System.
[    5.140247] systemd[1]: Mounted Huge Pages File System.
[[0;32m  OK  [0m] Mounted Huge Pages File System.
[    5.142901] systemd[1]: Mounted Debug File System.
[[0;32m  OK  [0m] Mounted Debug File System.
[    5.146183] systemd[1]: Started Remount Root and Kernel File Systems.
[[0;32m  OK  [0m] Started Remount Root and Kernel File Systems.
[    5.151224] systemd[1]: Started Create list of required static device nodes for the current kernel.
[[0;32m  OK  [0m] Started Create list of required sta...ce nodes for the current kernel.
[    5.155829] systemd[1]: Started Set console keymap.
[[0;32m  OK  [0m] Started Set console keymap.
[    5.158402] systemd[1]: Started Uncomplicated firewall.
[[0;32m  OK  [0m] Started Uncomplicated firewall.
[    5.173226] systemd[1]: Started Journal Service.
[[0;32m  OK  [0m] Started Journal Service.
[[0;32m  OK  [0m] Started Nameserver information manager.
[    5.184959] iscsi: registered transport (iser)
[[0;32m  OK  [0m] Started Load Kernel Modules.
         Starting Apply Kernel Variables...
         Mounting FUSE Control File System...
[[0;32m  OK  [0m] Started LVM2 metadata daemon.
         Starting Create Static Device Nodes in /dev...
         Starting udev Coldplug all Devices...
         Starting Flush Journal to Persistent Storage...
         Starting Load/Save Random Seed...
[[0;32m  OK  [0m] Mounted FUSE Control File System.
[[0;32m  OK  [0m] Started Apply Kernel Variables.
[[0;32m  OK  [0m] Started Create Static Device Nodes in /dev.
[[0;32m  OK  [0m] Started Load/Save Random Seed.
[[0;32m  OK  [0m] Started Flush Journal to Persistent Storage.
         Starting udev Kernel Device Manager...
[[0;32m  OK  [0m] Started udev Coldplug all Devices.
[[0;32m  OK  [0m] Started udev Kernel Device Manager.
[[0;32m  OK  [0m] Started Dispatch Password Requests to Console Directory Watch.
[[0;32m  OK  [0m] Found device /dev/ttyS0.
[[0;32m  OK  [0m] Listening on Load/Save RF Kill Switch Status /dev/rfkill Watch.
[[0;32m  OK  [0m] Started Monitoring of LVM2 mirrors,...ng dmeventd or progress polling.
[[0;32m  OK  [0m] Reached target Local File Systems (Pre).
[[0;32m  OK  [0m] Reached target Local File Systems.
         Starting Set console font and keymap...
         Starting LSB: AppArmor initialization...
         Starting Create Volatile Files and Directories...
         Starting Commit a transient machine-id on disk...
         Starting Tell Plymouth To Write Out Runtime Data...
         Starting Initial cloud-init job (pre-networking)...
[[0;32m  OK  [0m] Started Create Volatile Files and Directories.
[[0;32m  OK  [0m] Started Tell Plymouth To Write Out Runtime Data.
[[0;32m  OK  [0m] Started Commit a transient machine-id on disk.
         Starting Update UTMP about System Boot/Shutdown...
[[0;32m  OK  [0m] Started Update UTMP about System Boot/Shutdown.
[[0;32m  OK  [0m] Started Set console font and keymap.
[[0;32m  OK  [0m] Created slice system-getty.slice.
[[0;32m  OK  [0m] Started LSB: AppArmor initialization.
[    7.288211] cloud-init[627]: Cloud-init v. 19.1-1-gbaa47854-0ubuntu1~16.04.1 running 'init-local' at Wed, 12 Jun 2019 12:49:10 +0000. Up 6.82 seconds.
[[0;32m  OK  [0m] Started Initial cloud-init job (pre-networking).
[[0;32m  OK  [0m] Reached target Network (Pre).
         Starting Raise network interfaces...
[[0;32m  OK  [0m] Started Raise network interfaces.
         Starting Initial cloud-init job (metadata service crawler)...
[[0;32m  OK  [0m] Reached target Network.
[    8.975462] cloud-init[967]: Cloud-init v. 19.1-1-gbaa47854-0ubuntu1~16.04.1 running 'init' at Wed, 12 Jun 2019 12:49:11 +0000. Up 8.05 seconds.
[    8.977433] cloud-init[967]: ci-info: ++++++++++++++++++++++++++++++++++++++Net device info+++++++++++++++++++++++++++++++++++++++
[    8.979356] cloud-init[967]: ci-info: +--------+-------+----------------------------+---------------+--------+-------------------+
[    8.981831] cloud-init[967]: ci-info: | Device |   Up  |          Address           |      Mask     | Scope  |     Hw-Address    |
[    8.984520] cloud-init[967]: ci-info: +--------+-------+----------------------------+---------------+--------+-------------------+
[    8.986692] cloud-init[967]: ci-info: | enp0s3 |  True |         10.0.2.15          | 255.255.255.0 | global | 02:bc:a8:42:42:bc |
[    8.988797] cloud-init[967]: ci-info: | enp0s3 |  True | fe80::bc:a8ff:fe42:42bc/64 |       .       |  link  | 02:bc:a8:42:42:bc |
[    8.990545] cloud-init[967]: ci-info: | enp0s8 | False |             .              |       .       |   .    | 08:00:27:50:b3:ec |
[    8.992309] cloud-init[967]: ci-info: |   lo   |  True |         127.0.0.1          |   255.0.0.0   |  host  |         .         |
[    8.994088] cloud-init[967]: ci-info: |   lo   |  True |          ::1/128           |       .       |  host  |         .         |
[    8.995838] cloud-init[967]: ci-info: +--------+-------+----------------------------+---------------+--------+-------------------+
[    8.998677] cloud-init[967]: ci-info: +++++++++++++++++++++++++++Route IPv4 info++++++++++++++++++++++++++++
[    9.001244] cloud-init[967]: ci-info: +-------+-------------+----------+---------------+-----------+-------+
[    9.003144] cloud-init[967]: ci-info: | Route | Destination | Gateway  |    Genmask    | Interface | Flags |
[    9.004765] cloud-init[967]: ci-info: +-------+-------------+----------+---------------+-----------+-------+
[    9.006310] cloud-init[967]: ci-info: |   0   |   0.0.0.0   | 10.0.2.2 |    0.0.0.0    |   enp0s3  |   UG  |
[    9.007871] cloud-init[967]: ci-info: |   1   |   10.0.2.0  | 0.0.0.0  | 255.255.255.0 |   enp0s3  |   U   |
[    9.009428] cloud-init[967]: ci-info: +-------+-------------+----------+---------------+-----------+-------+
[    9.010952] cloud-init[967]: ci-info: +++++++++++++++++++Route IPv6 info+++++++++++++++++++
[    9.012324] cloud-init[967]: ci-info: +-------+-------------+---------+-----------+-------+
[    9.014264] cloud-init[967]: ci-info: | Route | Destination | Gateway | Interface | Flags |
[    9.017688] cloud-init[967]: ci-info: +-------+-------------+---------+-----------+-------+
[    9.019704] cloud-init[967]: ci-info: |   0   |  fe80::/64  |    ::   |   enp0s3  |   U   |
[    9.021387] cloud-init[967]: ci-info: |   3   |   ff00::/8  |    ::   |   enp0s3  |   U   |
[    9.022891] cloud-init[967]: ci-info: +-------+-------------+---------+-----------+-------+
[    9.024305] cloud-init[967]: Generating public/private rsa key pair.
[    9.025555] cloud-init[967]: Your identification has been saved in /etc/ssh/ssh_host_rsa_key.
[    9.026984] cloud-init[967]: Your public key has been saved in /etc/ssh/ssh_host_rsa_key.pub.
[    9.028450] cloud-init[967]: The key fingerprint is:
[    9.029461] cloud-init[967]: SHA256:Pg3RM21J/HztOk+DUhZ0HiqZ7LR49eWVwtjbVvmin4o root@ubuntu-xenial
[    9.032531] cloud-init[967]: The key's randomart image is:
[    9.034794] cloud-init[967]: +---[RSA 2048]----+
[    9.036662] cloud-init[967]: |           ... o |
[    9.037959] cloud-init[967]: |         ..oO.+ +|
[    9.039249] cloud-init[967]: |        . +B+X +=|
[    9.040483] cloud-init[967]: |         .+++ O.B|
[    9.041672] cloud-init[967]: |        S. + +.*o|
[    9.042828] cloud-init[967]: |       . o. o.o..|
[    9.043978] cloud-init[967]: |        o .... o.|
[    9.045194] cloud-init[967]: |         . ...oo.|
[    9.046359] cloud-init[967]: |          E ..oo.|
[    9.047791] cloud-init[967]: +----[SHA256]-----+
[    9.050095] cloud-init[967]: Generating public/private dsa key pair.
[    9.052048] cloud-init[967]: Your identification has been saved in /etc/ssh/ssh_host_dsa_key.
[    9.054357] cloud-init[967]: Your public key has been saved in /etc/ssh/ssh_host_dsa_key.pub.
[    9.056057] cloud-init[967]: The key fingerprint is:
[    9.057292] cloud-init[967]: SHA256:Ffbqc9pv/toJ0ud/GrW1G8oC8kQsLikUNvM5kgauGsc root@ubuntu-xenial
[    9.058930] cloud-init[967]: The key's randomart image is:
[    9.060150] cloud-init[967]: +---[DSA 1024]----+
[    9.061279] cloud-init[967]: |          o      |
[    9.063029] cloud-init[967]: | . =     . o     |
[    9.065281] cloud-init[967]: |. o * . . . .    |
[    9.067386] cloud-init[967]: | . = + . + .     |
[    9.069370] cloud-init[967]: |..o . + S .     o|
[    9.070634] cloud-init[967]: |o E. o o +  .  .+|
[    9.071790] cloud-init[967]: |.o  . . + +..o.= |
[    9.072909] cloud-init[967]: |.        . *o *o=|
[    9.074015] cloud-init[967]: |          . o*=B*|
[    9.075141] cloud-init[967]: +----[SHA256]-----+
[    9.076282] cloud-init[967]: Generating public/private ecdsa key pair.
[    9.077671] cloud-init[967]: Your identification has been saved in /etc/ssh/ssh_host_ecdsa_key.
[    9.079317] cloud-init[967]: Your public key has been saved in /etc/ssh/ssh_host_ecdsa_key.pub.
[    9.081513] cloud-init[967]: The key fingerprint is:
[    9.084376] cloud-init[967]: SHA256:g9DOhuylSKxHRiodidKmSx4Otn1LZeAepfBTbsU6f0o root@ubuntu-xenial
[    9.087120] cloud-init[967]: The key's randomart image is:
[    9.088994] cloud-init[967]: +---[ECDSA 256]---+
[    9.090183] cloud-init[967]: |                 |
[    9.091355] cloud-init[967]: | o . .  .        |
[    9.092556] cloud-init[967]: |o *....o o       |
[    9.093749] cloud-init[967]: |.B o+=*.o        |
[    9.094878] cloud-init[967]: |=+* o**BS        |
[    9.096021] cloud-init[967]: |B*+o.+* o.       |
[    9.097668] cloud-init[967]: |o+o.o+   E .     |
[    9.099333] cloud-init[967]: | .  o . . o      |
[    9.101758] cloud-init[967]: |     .   .       |
[    9.103362] cloud-init[967]: +----[SHA256]-----+
[    9.104620] cloud-init[967]: Generating public/private ed25519 key pair.
[    9.106096] cloud-init[967]: Your identification has been saved in /etc/ssh/ssh_host_ed25519_key.
[    9.107734] cloud-init[967]: Your public key has been saved in /etc/ssh/ssh_host_ed25519_key.pub.
[    9.109385] cloud-init[967]: The key fingerprint is:
[    9.110542] cloud-init[967]: SHA256:U7quF96qFaE08xVRvilQbqQkD1Z6oCCNZOVuuPKpHsU root@ubuntu-xenial
[    9.112179] cloud-init[967]: The key's randomart image is:
[    9.113463] cloud-init[967]: +--[ED25519 256]--+
[    9.115204] cloud-init[967]: |o=o.  =.o =o.    |
[    9.117678] cloud-init[967]: |o.o. o B = o     |
[    9.119577] cloud-init[967]: |   .. = * = .    |
[    9.120910] cloud-init[967]: |  +  . * B   o   |
[    9.122119] cloud-init[967]: | . E  . S . o    |
[    9.123284] cloud-init[967]: |  +     .+ .     |
[    9.124472] cloud-init[967]: |.o     .oo       |
[    9.125644] cloud-init[967]: |....   oo .      |
[    9.126791] cloud-init[967]: |ooo   o+o.       |
[    9.127919] cloud-init[967]: +----[SHA256]-----+
[[0;32m  OK  [0m] Started Initial cloud-init job (metadata service crawler).
[[0;32m  OK  [0m] Reached target Cloud-config availability.
[[0;32m  OK  [0m] Reached target System Initialization.
[[0;32m  OK  [0m] Started Daily apt download activities.
[[0;32m  OK  [0m] Listening on D-Bus System Message Bus Socket.
[[0;32m  OK  [0m] Started ACPI Events Check.
[[0;32m  OK  [0m] Reached target Paths.
         Starting Socket activation for snappy daemon.
[[0;32m  OK  [0m] Listening on UUID daemon activation socket.
         Starting LXD - unix socket.
[[0;32m  OK  [0m] Listening on ACPID Listen Socket.
[[0;32m  OK  [0m] Started Daily Cleanup of Temporary Directories.
[[0;32m  OK  [0m] Started Daily apt upgrade and clean activities.
[[0;32m  OK  [0m] Reached target Timers.
[[0;32m  OK  [0m] Reached target Network is Online.
         Starting iSCSI initiator daemon (iscsid)...
[[0;32m  OK  [0m] Listening on Socket activation for snappy daemon.
[[0;32m  OK  [0m] Listening on LXD - unix socket.
[[0;32m  OK  [0m] Reached target Sockets.
[[0;32m  OK  [0m] Reached target Basic System.
         Starting System Logging Service...
         Starting LXD - container startup/shutdown...
[[0;32m  OK  [0m] Started Regular background program processing daemon.
[[0;32m  OK  [0m] Started ACPI event daemon.
         Starting LSB: Record successful boot for GRUB...
         Starting /etc/rc.local Compatibility...
         Starting Login Service...
[[0;32m  OK  [0m] Started FUSE filesystem for LXC.
         Starting Pollinate to seed the pseudo random number generator...
         Starting Virtualbox guest utils...
         Starting Snappy daemon...
         Starting LSB: MD monitoring daemon...
         Starting Accounts Service...
[[0;32m  OK  [0m] Started Deferred execution scheduler.
[[0;32m  OK  [0m] Started D-Bus System Message Bus.
[[0;32m  OK  [0m] Started System Logging Service.
[[0;32m  OK  [0m] Started /etc/rc.local Compatibility.
[[0;32m  OK  [0m] Started iSCSI initiator daemon (iscsid).
[[0;32m  OK  [0m] Started LSB: MD monitoring daemon.
[[0;32m  OK  [0m] Started Login Service.
[[0;32m  OK  [0m] Started Unattended Upgrades Shutdown.
         Starting Authenticate and Authorize Users to Run Privileged Tasks...
         Starting Login to default iSCSI targets...
[[0;32m  OK  [0m] Started LXD - container startup/shutdown.
[[0;32m  OK  [0m] Started LSB: Record successful boot for GRUB.
[[0;32m  OK  [0m] Started Authenticate and Authorize Users to Run Privileged Tasks.
[[0;32m  OK  [0m] Started Accounts Service.
[[0;32m  OK  [0m] Started Virtualbox guest utils.
[[0;32m  OK  [0m] Started Login to default iSCSI targets.
[[0;32m  OK  [0m] Reached target Remote File Systems (Pre).
[[0;32m  OK  [0m] Reached target Remote File Systems.
         Starting LSB: Set the CPU Frequency Scaling governor to "ondemand"...
         Starting Permit User Sessions...
         Starting LSB: automatic crash report generation...
         Starting LSB: daemon to balance interrupts for SMP systems...
[[0;32m  OK  [0m] Started Snappy daemon.
[[0;32m  OK  [0m] Started Permit User Sessions.
[[0;32m  OK  [0m] Started LSB: Set the CPU Frequency Scaling governor to "ondemand".
         Starting Terminate Plymouth Boot Screen...
         Starting Hold until boot process finishes up...
         Starting Wait until snapd is fully seeded...
[[0;32m  OK  [0m] Started Hold until boot process finishes up.
[[0;32m  OK  [0m] Started Terminate Plymouth Boot Screen.
[[0;32m  OK  [0m] Started LSB: daemon to balance interrupts for SMP systems.
[[0;32m  OK  [0m] Started Getty on tty1.
[[0;32m  OK  [0m] Started Serial Getty on ttyS0.
[[0;32m  OK  [0m] Reached target Login Prompts.
         Starting Set console scheme...
[[0;32m  OK  [0m] Started LSB: automatic crash report generation.
[[0;32m  OK  [0m] Started Set console scheme.
[[0;32m  OK  [0m] Started Pollinate to seed the pseudo random number generator.
         Starting OpenBSD Secure Shell server...
[[0;32m  OK  [0m] Started OpenBSD Secure Shell server.
[[0;32m  OK  [0m] Created slice User Slice of vagrant.
         Starting User Manager for UID 1000...
[[0;32m  OK  [0m] Started Session 1 of user vagrant.
[[0;32m  OK  [0m] Started User Manager for UID 1000.
[[0;32m  OK  [0m] Started Wait until snapd is fully seeded.
[[0;32m  OK  [0m] Reached target Multi-User System.
[[0;32m  OK  [0m] Reached target Graphical Interface.
         Starting Update UTMP about System Runlevel Changes...
         Starting Apply the settings specified in cloud-config...
[[0;32m  OK  [0m] Started Update UTMP about System Runlevel Changes.
[   13.931085] cloud-init[1405]: Generating locales (this might take a while)...
[   14.932213] cloud-init[1405]:   en_US.UTF-8... done
[   14.933023] cloud-init[1405]: Generation complete.
[   15.331893] cloud-init[1405]: Cloud-init v. 19.1-1-gbaa47854-0ubuntu1~16.04.1 running 'modules:config' at Wed, 12 Jun 2019 12:49:17 +0000. Up 13.79 seconds.

Ubuntu 16.04.6 LTS ubuntu-xenial ttyS0

ubuntu-xenial login: ci-info: no authorized ssh keys fingerprints found for user ubuntu.
<14>Jun 12 12:49:19 ec2: 
<14>Jun 12 12:49:19 ec2: #############################################################
<14>Jun 12 12:49:19 ec2: -----BEGIN SSH HOST KEY FINGERPRINTS-----
<14>Jun 12 12:49:19 ec2: 1024 SHA256:Ffbqc9pv/toJ0ud/GrW1G8oC8kQsLikUNvM5kgauGsc root@ubuntu-xenial (DSA)
<14>Jun 12 12:49:19 ec2: 256 SHA256:g9DOhuylSKxHRiodidKmSx4Otn1LZeAepfBTbsU6f0o root@ubuntu-xenial (ECDSA)
<14>Jun 12 12:49:19 ec2: 256 SHA256:U7quF96qFaE08xVRvilQbqQkD1Z6oCCNZOVuuPKpHsU root@ubuntu-xenial (ED25519)
<14>Jun 12 12:49:19 ec2: 2048 SHA256:Pg3RM21J/HztOk+DUhZ0HiqZ7LR49eWVwtjbVvmin4o root@ubuntu-xenial (RSA)
<14>Jun 12 12:49:19 ec2: -----END SSH HOST KEY FINGERPRINTS-----
<14>Jun 12 12:49:19 ec2: #############################################################
-----BEGIN SSH HOST KEY KEYS-----
ecdsa-sha2-nistp256 AAAAE2VjZHNhLXNoYTItbmlzdHAyNTYAAAAIbmlzdHAyNTYAAABBBEeXrDt6Gs8ls29JV7oOmrxog/044bRw/y0LeYyaGuIbnpNz0PnIld8ttsHd/nS1uoYa1aqewVQHolb0+BP1lgg= root@ubuntu-xenial
ssh-ed25519 AAAAC3NzaC1lZDI1NTE5AAAAID6zshQ2GhGRnReTx/cLfw/6FULkVgVBBLklBDvWO6ej root@ubuntu-xenial
ssh-rsa AAAAB3NzaC1yc2EAAAADAQABAAABAQDOPH1b2bGYpdzlx7KRDErUc59FqmGqk2Xg3QHVIETGxMzxHb+ozuAW8Qoe9eLPrsEAZP7iPDuaahnktI7+7KqeerpunSx+G4+GFlg/an6HTcsKDHT5jR4RBwhZaHaUcEYMN5/dAw5BOoAfguZ8OWrVjWcFQyOICiN8wZpky05DkcsftriHW3BCc/uooMX8YkAsdttI0DSr97jzUZvIby+SumnAvarQ/rw7reSJylgs1H2cDOWfA0lOnR/rhl+EC1Qp8oXZlENLf7e+im2LjBtfwyPY4aosK7gMrvgTXnG0JWZaVC6rTg/P1zwBxaQN1XFNv07DyHszkW5RBPg3ZQ9V root@ubuntu-xenial
-----END SSH HOST KEY KEYS-----
[   15.975413] cloud-init[1531]: Cloud-init v. 19.1-1-gbaa47854-0ubuntu1~16.04.1 running 'modules:final' at Wed, 12 Jun 2019 12:49:19 +0000. Up 15.77 seconds.
[   15.975796] cloud-init[1531]: ci-info: no authorized ssh keys fingerprints found for user ubuntu.
[   15.976620] cloud-init[1531]: Cloud-init v. 19.1-1-gbaa47854-0ubuntu1~16.04.1 finished at Wed, 12 Jun 2019 12:49:19 +0000. Datasource DataSourceNoCloud [seed=/dev/sdb][dsmode=net].  Up 15.95 seconds
